2025-03-10 03:57:13,430 - INFO - Listening for 'command'...
2025-03-10 03:57:17,582 - WARNING - Speech not understood.
2025-03-10 03:57:17,989 - INFO - Listening for 'command'...
2025-03-10 03:57:23,226 - WARNING - Speech not understood.
2025-03-10 03:57:23,542 - INFO - Listening for 'command'...
2025-03-10 03:57:35,401 - WARNING - Speech not understood.
2025-03-10 03:57:36,350 - INFO - Listening for 'command'...
2025-03-10 03:57:42,168 - WARNING - Speech not understood.
2025-03-10 03:57:42,471 - INFO - Listening for 'command'...
2025-03-10 03:57:49,618 - WARNING - Speech not understood.
2025-03-10 03:57:49,859 - INFO - Listening for 'command'...
2025-03-10 03:57:54,606 - WARNING - Speech not understood.
2025-03-10 03:57:54,822 - INFO - Listening for 'command'...
2025-03-10 03:57:58,022 - WARNING - Speech not understood.
2025-03-10 03:57:58,262 - INFO - Listening for 'command'...
2025-03-10 03:58:02,394 - WARNING - Speech not understood.
2025-03-10 03:58:02,604 - INFO - Listening for 'command'...
2025-03-10 03:58:10,302 - WARNING - Speech not understood.
2025-03-10 03:58:10,662 - INFO - Listening for 'command'...
2025-03-10 03:58:17,188 - INFO - Recognized: almost you had 15 minutes
2025-03-10 03:58:17,547 - INFO - Listening for 'command'...
2025-03-10 03:58:22,626 - INFO - Recognized: what's your name
2025-03-10 03:58:22,972 - INFO - Listening for 'command'...
2025-03-10 03:58:29,922 - WARNING - Speech not understood.
2025-03-10 03:58:30,244 - INFO - Listening for 'command'...
2025-03-10 03:58:39,496 - WARNING - Speech not understood.
2025-03-10 03:58:39,935 - INFO - Listening for 'command'...
2025-03-10 03:58:52,753 - INFO - Recognized: so what will i say
2025-03-10 03:58:53,697 - INFO - Listening for 'command'...
2025-03-10 03:58:58,999 - WARNING - Speech not understood.
2025-03-10 03:58:59,174 - INFO - Listening for 'command'...
2025-03-10 03:59:08,643 - INFO - Recognized: at what time will it be going to be delivered so you think
2025-03-10 03:59:08,972 - INFO - Listening for 'command'...
2025-03-10 03:59:16,161 - INFO - Recognized: and will think that when will
2025-03-10 03:59:16,388 - INFO - Listening for 'command'...
2025-03-10 03:59:24,491 - INFO - Recognized: and they don't offer any discount on
2025-03-10 03:59:24,740 - INFO - Listening for 'command'...
2025-03-10 03:59:29,865 - WARNING - Speech not understood.
2025-03-10 03:59:30,074 - INFO - Listening for 'command'...
2025-03-10 03:59:38,276 - WARNING - Speech not understood.
2025-03-10 03:59:38,516 - INFO - Listening for 'command'...
2025-03-10 07:49:22,639 - INFO - Listening for 'command'...
2025-03-10 07:49:31,072 - WARNING - Speech not understood.
2025-03-10 07:49:31,592 - INFO - Listening for 'command'...
2025-03-10 08:00:00,849 - INFO - Listening for 'command'...
2025-03-10 08:00:08,739 - INFO - Recognized: can you tell me what's the time
2025-03-10 08:00:09,154 - INFO - Listening for 'command'...
2025-03-10 08:00:15,090 - WARNING - Speech not understood.
2025-03-10 08:00:15,613 - INFO - Listening for 'command'...
